<?xml version="1.0" encoding="UTF-8"?>
<!-- Generated by org.testng.reporters.JUnitReportReporter -->
<testsuite hostname="DESKTOP-NR3C8QD" failures="0" tests="5" name="appium.mobileframework.generalStoreTesting" time="52.807" errors="0" timestamp="2021-12-27T16:53:10 IST" skipped="4">
  <testcase classname="appium.mobileframework.generalStoreTesting" name="test5" time="52.807"/>
  <system-out/>
  <testcase classname="appium.mobileframework.generalStoreTesting" name="test1">
    <skipped/>
  </testcase> <!-- test1 -->
  <system-out/>
  <testcase classname="appium.mobileframework.generalStoreTesting" name="test4">
    <skipped/>
  </testcase> <!-- test4 -->
  <system-out/>
  <testcase classname="appium.mobileframework.generalStoreTesting" name="Test3">
    <skipped/>
  </testcase> <!-- Test3 -->
  <system-out/>
  <testcase classname="appium.mobileframework.generalStoreTesting" name="negetiveTest">
    <skipped/>
  </testcase> <!-- negetiveTest -->
  <system-out/>
</testsuite> <!-- appium.mobileframework.generalStoreTesting -->
