<?xml version="1.0" encoding="UTF-8"?>
<!-- Generated by org.testng.reporters.JUnitReportReporter -->
<testsuite hostname="DESKTOP-NR3C8QD" failures="0" tests="2" name="demoTesting.restDemo" time="8.760" errors="0" timestamp="2021-12-07T13:35:52 IST" skipped="1">
  <testcase classname="demoTesting.restDemo" name="TestCase_02_login" time="8.760"/>
  <system-out/>
  <testcase classname="demoTesting.restDemo" name="TestCase_01_signUp">
    <skipped/>
  </testcase> <!-- TestCase_01_signUp -->
  <system-out/>
</testsuite> <!-- demoTesting.restDemo -->
