<?xml version="1.0" encoding="UTF-8"?>
<!-- Generated by org.testng.reporters.JUnitReportReporter -->
<testsuite hostname="DESKTOP-NR3C8QD" failures="0" tests="2" name="testNG.NewTest" time="24.750" errors="0" timestamp="15 Dec 2021 08:19:26 GMT" skipped="0">
  <testcase classname="testNG.NewTest" name="f" time="11.431"/>
  <testcase classname="testNG.NewTest" name="f" time="13.319"/>
</testsuite> <!-- testNG.NewTest -->
