<?xml version="1.0" encoding="UTF-8"?>
<!-- Generated by org.testng.reporters.JUnitReportReporter -->
<testsuite hostname="DESKTOP-NR3C8QD" failures="0" tests="2" name="testNG.demo4" time="0.017" errors="0" timestamp="15 Dec 2021 10:43:43 GMT" skipped="0">
  <testcase classname="testNG.demo4" name="testcase4" time="0.002"/>
  <testcase classname="testNG.demo4" name="testcase2" time="0.015"/>
</testsuite> <!-- testNG.demo4 -->
