<?xml version="1.0" encoding="UTF-8"?>
<!-- Generated by org.testng.reporters.JUnitReportReporter -->
<testsuite hostname="DESKTOP-NR3C8QD" failures="0" tests="1" name="testNG.grid" time="21.346" errors="0" timestamp="16 Dec 2021 06:43:05 GMT" skipped="0">
  <testcase classname="testNG.grid" name="gridTest" time="21.346"/>
</testsuite> <!-- testNG.grid -->
