<?xml version="1.0" encoding="UTF-8"?>
<!-- Generated by org.testng.reporters.JUnitReportReporter -->
<testsuite hostname="DESKTOP-NR3C8QD" failures="0" tests="3" name="selenium.jsexecutor" time="0.090" errors="0" timestamp="2021-12-13T16:30:43 IST" skipped="2">
  <testcase classname="selenium.jsexecutor" name="HTML_File" time="0.090"/>
  <system-out/>
  <testcase classname="selenium.jsexecutor" name="JS">
    <skipped/>
  </testcase> <!-- JS -->
  <system-out/>
  <testcase classname="selenium.jsexecutor" name="frame">
    <skipped/>
  </testcase> <!-- frame -->
  <system-out/>
</testsuite> <!-- selenium.jsexecutor -->
