<?xml version="1.0" encoding="UTF-8"?>
<!-- Generated by org.testng.reporters.JUnitReportReporter -->
<testsuite hostname="DESKTOP-NR3C8QD" failures="0" tests="1" name="selenium.newTourDemo" time="6.150" errors="0" timestamp="2021-12-09T12:01:11 IST" skipped="0">
  <testcase classname="selenium.newTourDemo" name="testcase01" time="6.150"/>
  <system-out/>
</testsuite> <!-- selenium.newTourDemo -->
