<?xml version="1.0" encoding="UTF-8"?>
<!-- Generated by org.testng.reporters.JUnitReportReporter -->
<testsuite hostname="DESKTOP-NR3C8QD" failures="0" tests="3" name="selenium.testngdemo" time="10.712" errors="0" timestamp="2021-12-09T16:23:23 IST" skipped="2">
  <testcase classname="selenium.testngdemo" name="pup_up" time="10.712"/>
  <system-out/>
  <testcase classname="selenium.testngdemo" name="HRM">
    <skipped/>
  </testcase> <!-- HRM -->
  <system-out/>
  <testcase classname="selenium.testngdemo" name="testcase2">
    <skipped/>
  </testcase> <!-- testcase2 -->
  <system-out/>
</testsuite> <!-- selenium.testngdemo -->
