<?xml version="1.0" encoding="UTF-8"?>
<!-- Generated by org.testng.reporters.JUnitReportReporter -->
<testsuite hostname="DESKTOP-NR3C8QD" failures="0" tests="1" name="epic_01.Login" time="13.875" errors="0" timestamp="2021-12-10T16:23:09 IST" skipped="0">
  <testcase classname="epic_01.Login" name="testcase_01" time="13.875"/>
  <system-out/>
</testsuite> <!-- epic_01.Login -->
