<?xml version="1.0" encoding="UTF-8"?>
<!-- Generated by org.testng.reporters.JUnitReportReporter -->
<testsuite hostname="DESKTOP-NR3C8QD" failures="0" tests="5" name="hybridAppTesting.generalStoreTesting" time="52.482" errors="0" timestamp="27 Dec 2021 07:34:26 GMT" skipped="4">
  <testcase classname="hybridAppTesting.generalStoreTesting" name="test5" time="52.482"/>
  <testcase classname="hybridAppTesting.generalStoreTesting" name="test1">
    <skipped/>
  </testcase> <!-- test1 -->
  <testcase classname="hybridAppTesting.generalStoreTesting" name="Test3">
    <skipped/>
  </testcase> <!-- Test3 -->
  <testcase classname="hybridAppTesting.generalStoreTesting" name="test4">
    <skipped/>
  </testcase> <!-- test4 -->
  <testcase classname="hybridAppTesting.generalStoreTesting" name="negetiveTest">
    <skipped/>
  </testcase> <!-- negetiveTest -->
</testsuite> <!-- hybridAppTesting.generalStoreTesting -->
